
**** Build of configuration Debug for project LED_Button_Switch_State ****

"C:\\ti\\ccsv5\\utils\\bin\\gmake" -k all 
'Building file: ../main.c'
'Invoking: MSP430 Compiler'
"C:/ti/ccsv5/tools/compiler/msp430_4.2.1/bin/cl430" -vmsp --abi=eabi --include_path="C:/ti/ccsv5/ccs_base/msp430/include" --include_path="C:/ti/ccsv5/tools/compiler/msp430_4.2.1/include" --advice:power=all -g --define=__MSP430G2553__ --diag_warning=225 --display_error_number --diag_wrap=off --printf_support=minimal --preproc_with_compile --preproc_dependency="main.pp"  "../main.c"
"../main.c", line 29: remark #1540-D: (ULP 11.2) Assignment of higher bits (constants) to "P1OUT" within a loop. Recommend using lower 4 bits to allow use of constant generators
"../main.c", line 37: remark #1540-D: (ULP 11.2) Assignment of higher bits (constants) to "P1OUT" within a loop. Recommend using lower 4 bits to allow use of constant generators
"../main.c", line 41: remark #1540-D: (ULP 11.2) Assignment of higher bits (constants) to "P1OUT" within a loop. Recommend using lower 4 bits to allow use of constant generators
'Finished building: ../main.c'
' '
'Building target: LED_Button_Switch_State.out'
'Invoking: MSP430 Linker'
"C:/ti/ccsv5/tools/compiler/msp430_4.2.1/bin/cl430" -vmsp --abi=eabi --advice:power=all -g --define=__MSP430G2553__ --diag_warning=225 --display_error_number --diag_wrap=off --printf_support=minimal -z -m"LED_Button_Switch_State.map" --heap_size=80 --stack_size=80 -i"C:/ti/ccsv5/ccs_base/msp430/include" -i"C:/ti/ccsv5/tools/compiler/msp430_4.2.1/lib" -i"C:/ti/ccsv5/tools/compiler/msp430_4.2.1/include" --reread_libs --warn_sections --display_error_number --diag_wrap=off --xml_link_info="LED_Button_Switch_State_linkInfo.xml" --rom_model -o "LED_Button_Switch_State.out"  "./main.obj" "../lnk_msp430g2553.cmd" -l"libc.a" 
<Linking>
remark #10371-D: (ULP 1.1) Detected no uses of low power mode state changes using LPMx or _bis_SR_register() or __low_power_mode_x() in this project.
remark #10372-D: (ULP 4.1) Detected uninitialized Port 2 in this project. Recommend initializing all unused ports to eliminate wasted current consumption on unused pins.
remark #10372-D: (ULP 4.1) Detected uninitialized Port 3 in this project. Recommend initializing all unused ports to eliminate wasted current consumption on unused pins.
'Finished building target: LED_Button_Switch_State.out'
' '

**** Build Finished ****
